<?xml version="1.0" encoding="UTF-8"?>
<testsuite xmlns:xsi="http://www.w3.org/2001/XMLSchema-instance" xsi:noNamespaceSchemaLocation="https://maven.apache.org/surefire/maven-surefire-plugin/xsd/surefire-test-report.xsd" name="cucumber.Options.TestRunner" time="4.655" tests="2" errors="0" skipped="0" failures="0">
  <properties>
[...]
</properties>
  <testcase name="Verify if place is addedd succesfully using AddPlaceAPI" classname="Validationg Place API&apos;s" time="3.663"/>
  <testcase name="Verify if Delet Place functionality working" classname="Validationg Place API&apos;s" time="0.172"/>
</testsuite>